<?xml version="1.0" encoding="UTF-8"?>
<!-- Generated by org.testng.reporters.JUnitReportReporter -->
<testsuite hostname="TSD-124" name="SupportRequest.SupportRequestTest" tests="3" failures="0" timestamp="10 May 2018 09:06:21 GMT" time="32.047" errors="0">
  <testcase name="SupportRequestFunctionality" time="18.021" classname="SupportRequest.SupportRequestTest"/>
  <testcase name="SupportRequestValidation" time="5.968" classname="SupportRequest.SupportRequestTest"/>
  <testcase name="OpenSupportRequestSection" time="8.058" classname="SupportRequest.SupportRequestTest"/>
</testsuite>
