<?xml version="1.0" encoding="UTF-8"?>
<!-- Generated by org.testng.reporters.JUnitReportReporter -->
<testsuite hostname="TSD-124" name="tasc.LoginLogoutTest" tests="3" failures="0" timestamp="12 Sep 2017 13:48:56 GMT" time="90.520" errors="0">
  <testcase name="loginlogout" time="56.553" classname="tasc.LoginLogoutTest"/>
  <testcase name="verifyremembermecheckbox" time="21.802" classname="tasc.LoginLogoutTest"/>
  <testcase name="testforgetpassword" time="12.165" classname="tasc.LoginLogoutTest"/>
</testsuite>
