<?xml version="1.0" encoding="UTF-8"?>
<!-- Generated by org.testng.reporters.JUnitReportReporter -->
<testsuite hostname="TSD-124" name="SupportRequest.SupportRequestTest" tests="3" failures="0" timestamp="17 May 2018 12:24:03 GMT" time="33.071" errors="0">
  <testcase name="OpenSupportRequestSection" time="11.225" classname="SupportRequest.SupportRequestTest"/>
  <testcase name="SupportRequestValidation" time="5.951" classname="SupportRequest.SupportRequestTest"/>
  <testcase name="SupportRequestFunctionality" time="15.895" classname="SupportRequest.SupportRequestTest"/>
</testsuite>
