<?xml version="1.0" encoding="UTF-8"?>
<!-- Generated by org.testng.reporters.JUnitReportReporter -->
<testsuite hostname="TSD-124" name="tasc.LoginLogoutTest" tests="3" failures="0" timestamp="12 Sep 2017 09:13:46 GMT" time="99.603" errors="0">
  <testcase name="testforgetpassword" time="12.828" classname="tasc.LoginLogoutTest"/>
  <testcase name="loginlogout" time="64.751" classname="tasc.LoginLogoutTest"/>
  <testcase name="verifyremembermecheckbox" time="22.024" classname="tasc.LoginLogoutTest"/>
</testsuite>
