<?xml version="1.0" encoding="UTF-8"?>
<!-- Generated by org.testng.reporters.JUnitReportReporter -->
<testsuite hostname="TSD-124" name="ManageRelaseNotes.Manage_Release_Notes" tests="2" failures="0" timestamp="23 Nov 2017 05:17:03 GMT" time="37.448" errors="0">
  <testcase name="CreateReleaseNotes" time="30.349" classname="ManageRelaseNotes.Manage_Release_Notes"/>
  <testcase name="ManageReleaseNotes" time="7.099" classname="ManageRelaseNotes.Manage_Release_Notes"/>
</testsuite>
