<?xml version="1.0" encoding="UTF-8"?>
<!-- Generated by org.testng.reporters.JUnitReportReporter -->
<testsuite hostname="TSD-124" name="ManageRelaseNotes.Manage_Release_NotesTest" tests="5" failures="0" timestamp="5 Dec 2017 06:27:25 GMT" time="109.034" errors="0">
  <testcase name="CreateReleaseNotes" time="30.748" classname="ManageRelaseNotes.Manage_Release_NotesTest"/>
  <testcase name="ManageReleaseNotes" time="8.380" classname="ManageRelaseNotes.Manage_Release_NotesTest"/>
  <testcase name="EditReleaseNotesbydescription" time="24.127" classname="ManageRelaseNotes.Manage_Release_NotesTest"/>
  <testcase name="EditReleaseNotesbydate" time="24.580" classname="ManageRelaseNotes.Manage_Release_NotesTest"/>
  <testcase name="DeleteReleaseNotes" time="21.199" classname="ManageRelaseNotes.Manage_Release_NotesTest"/>
</testsuite>
