<?xml version="1.0" encoding="UTF-8"?>
<!-- Generated by org.testng.reporters.JUnitReportReporter -->
<testsuite hostname="TSD-124" name="ManageCaseload.ManageCaseloadTest" tests="1" failures="0" timestamp="16 Jan 2018 09:46:09 GMT" time="0.001" errors="0">
  <testcase name="ManageCaseload" time="0.001" classname="ManageCaseload.ManageCaseloadTest"/>
</testsuite>
